# JRE version: OpenJDK Runtime Environment (17.0.6) (build 17.0.6+0-b2043.56-10027231)
# Java VM: OpenJDK 64-Bit Server VM (17.0.6+0-b2043.56-10027231, mixed mode, tiered, compressed oops, compressed class ptrs, g1 gc, windows-amd64)
GC Precious Log:
 CPUs: 8 total, 8 available
 Memory: 7987M
 Large Page Support: Disabled
 NUMA Support: Disabled
 Compressed Oops: Enabled (32-bit)
 Heap Region Size: 1M
 Heap Min Capacity: 8M
 Heap Initial Capacity: 126M
 Heap Max Capacity: 2G
 Pre-touch: Disabled
 Parallel Workers: 8
 Concurrent Workers: 2
 Concurrent Refinement Workers: 8
 Periodic GC: Disabled
Heap:
 garbage-first heap   total 248832K, used 134982K [0x0000000080000000, 0x0000000100000000)
  region size 1024K, 62 young (63488K), 1 survivors (1024K)
 Metaspace       used 91719K, committed 92352K, reserved 1130496K
  class space    used 12431K, committed 12736K, reserved 1048576K
GC Heap History (20 events):
Event: 30.289 GC heap before
{Heap before GC invocations=43 (full 0):
 garbage-first heap   total 116736K, used 65822K [0x0000000080000000, 0x0000000100000000)
  region size 1024K, 5 young (5120K), 3 survivors (3072K)
 Metaspace       used 70391K, committed 70976K, reserved 1114112K
  class space    used 9274K, committed 9536K, reserved 1048576K
}
Event: 30.293 GC heap after
{Heap after GC invocations=44 (full 0):
 garbage-first heap   total 116736K, used 63840K [0x0000000080000000, 0x0000000100000000)
  region size 1024K, 1 young (1024K), 1 survivors (1024K)
 Metaspace       used 70391K, committed 70976K, reserved 1114112K
  class space    used 9274K, committed 9536K, reserved 1048576K
}
Event: 31.155 GC heap before
{Heap before GC invocations=44 (full 0):
 garbage-first heap   total 116736K, used 87392K [0x0000000080000000, 0x0000000100000000)
  region size 1024K, 25 young (25600K), 1 survivors (1024K)
 Metaspace       used 73660K, committed 74240K, reserved 1114112K
  class space    used 9702K, committed 9984K, reserved 1048576K
}
Event: 31.158 GC heap after
{Heap after GC invocations=45 (full 0):
 garbage-first heap   total 116736K, used 65259K [0x0000000080000000, 0x0000000100000000)
  region size 1024K, 2 young (2048K), 2 survivors (2048K)
 Metaspace       used 73660K, committed 74240K, reserved 1114112K
  class space    used 9702K, committed 9984K, reserved 1048576K
}
Event: 31.939 GC heap before
{Heap before GC invocations=46 (full 0):
 garbage-first heap   total 116736K, used 88811K [0x0000000080000000, 0x0000000100000000)
  region size 1024K, 27 young (27648K), 2 survivors (2048K)
 Metaspace       used 75652K, committed 76160K, reserved 1122304K
  class space    used 9998K, committed 10240K, reserved 1048576K
}
Event: 31.944 GC heap after
{Heap after GC invocations=47 (full 0):
 garbage-first heap   total 116736K, used 66872K [0x0000000080000000, 0x0000000100000000)
  region size 1024K, 4 young (4096K), 4 survivors (4096K)
 Metaspace       used 75652K, committed 76160K, reserved 1122304K
  class space    used 9998K, committed 10240K, reserved 1048576K
}
Event: 31.956 GC heap before
{Heap before GC invocations=47 (full 0):
 garbage-first heap   total 116736K, used 67896K [0x0000000080000000, 0x0000000100000000)
  region size 1024K, 5 young (5120K), 4 survivors (4096K)
 Metaspace       used 75660K, committed 76160K, reserved 1122304K
  class space    used 9999K, committed 10240K, reserved 1048576K
}
Event: 31.962 GC heap after
{Heap after GC invocations=48 (full 0):
 garbage-first heap   total 116736K, used 67055K [0x0000000080000000, 0x0000000100000000)
  region size 1024K, 1 young (1024K), 1 survivors (1024K)
 Metaspace       used 75660K, committed 76160K, reserved 1122304K
  class space    used 9999K, committed 10240K, reserved 1048576K
}
Event: 32.105 GC heap before
{Heap before GC invocations=48 (full 0):
 garbage-first heap   total 116736K, used 91631K [0x0000000080000000, 0x0000000100000000)
  region size 1024K, 25 young (25600K), 1 survivors (1024K)
 Metaspace       used 75687K, committed 76160K, reserved 1122304K
  class space    used 10003K, committed 10240K, reserved 1048576K
}
Event: 32.107 GC heap after
{Heap after GC invocations=49 (full 0):
 garbage-first heap   total 116736K, used 68126K [0x0000000080000000, 0x0000000100000000)
  region size 1024K, 2 young (2048K), 2 survivors (2048K)
 Metaspace       used 75687K, committed 76160K, reserved 1122304K
  class space    used 10003K, committed 10240K, reserved 1048576K
}
Event: 32.689 GC heap before
{Heap before GC invocations=50 (full 0):
 garbage-first heap   total 119808K, used 93726K [0x0000000080000000, 0x0000000100000000)
  region size 1024K, 27 young (27648K), 2 survivors (2048K)
 Metaspace       used 78359K, committed 78912K, reserved 1122304K
  class space    used 10352K, committed 10624K, reserved 1048576K
}
Event: 32.693 GC heap after
{Heap after GC invocations=51 (full 0):
 garbage-first heap   total 119808K, used 70914K [0x0000000080000000, 0x0000000100000000)
  region size 1024K, 4 young (4096K), 4 survivors (4096K)
 Metaspace       used 78359K, committed 78912K, reserved 1122304K
  class space    used 10352K, committed 10624K, reserved 1048576K
}
Event: 32.718 GC heap before
{Heap before GC invocations=51 (full 0):
 garbage-first heap   total 119808K, used 71938K [0x0000000080000000, 0x0000000100000000)
  region size 1024K, 5 young (5120K), 4 survivors (4096K)
 Metaspace       used 78494K, committed 79040K, reserved 1122304K
  class space    used 10373K, committed 10624K, reserved 1048576K
}
Event: 32.723 GC heap after
{Heap after GC invocations=52 (full 0):
 garbage-first heap   total 119808K, used 70786K [0x0000000080000000, 0x0000000100000000)
  region size 1024K, 1 young (1024K), 1 survivors (1024K)
 Metaspace       used 78494K, committed 79040K, reserved 1122304K
  class space    used 10373K, committed 10624K, reserved 1048576K
}
Event: 33.473 GC heap before
{Heap before GC invocations=52 (full 0):
 garbage-first heap   total 119808K, used 95362K [0x0000000080000000, 0x0000000100000000)
  region size 1024K, 26 young (26624K), 1 survivors (1024K)
 Metaspace       used 81750K, committed 82368K, reserved 1122304K
  class space    used 11017K, committed 11264K, reserved 1048576K
}
Event: 33.479 GC heap after
{Heap after GC invocations=53 (full 0):
 garbage-first heap   total 119808K, used 71572K [0x0000000080000000, 0x0000000100000000)
  region size 1024K, 2 young (2048K), 2 survivors (2048K)
 Metaspace       used 81750K, committed 82368K, reserved 1122304K
  class space    used 11017K, committed 11264K, reserved 1048576K
}
Event: 34.331 GC heap before
{Heap before GC invocations=54 (full 0):
 garbage-first heap   total 122880K, used 96148K [0x0000000080000000, 0x0000000100000000)
  region size 1024K, 27 young (27648K), 2 survivors (2048K)
 Metaspace       used 84175K, committed 84800K, reserved 1122304K
  class space    used 11364K, committed 11648K, reserved 1048576K
}
Event: 34.339 GC heap after
{Heap after GC invocations=55 (full 0):
 garbage-first heap   total 122880K, used 73419K [0x0000000080000000, 0x0000000100000000)
  region size 1024K, 4 young (4096K), 4 survivors (4096K)
 Metaspace       used 84175K, committed 84800K, reserved 1122304K
  class space    used 11364K, committed 11648K, reserved 1048576K
}
Event: 34.397 GC heap before
{Heap before GC invocations=55 (full 0):
 garbage-first heap   total 122880K, used 75467K [0x0000000080000000, 0x0000000100000000)
  region size 1024K, 6 young (6144K), 4 survivors (4096K)
 Metaspace       used 84410K, committed 84992K, reserved 1122304K
  class space    used 11403K, committed 11648K, reserved 1048576K
}
Event: 34.402 GC heap after
{Heap after GC invocations=56 (full 0):
 garbage-first heap   total 248832K, used 73542K [0x0000000080000000, 0x0000000100000000)
  region size 1024K, 1 young (1024K), 1 survivors (1024K)
 Metaspace       used 84410K, committed 84992K, reserved 1122304K
  class space    used 11403K, committed 11648K, reserved 1048576K
}

