# JRE version: OpenJDK Runtime Environment (17.0.6) (build 17.0.6+0-b2043.56-10027231)
# Java VM: OpenJDK 64-Bit Server VM (17.0.6+0-b2043.56-10027231, mixed mode, tiered, compressed oops, compressed class ptrs, g1 gc, windows-amd64)
GC Precious Log:
 CPUs: 8 total, 8 available
 Memory: 7987M
 Large Page Support: Disabled
 NUMA Support: Disabled
 Compressed Oops: Enabled (32-bit)
 Heap Region Size: 1M
 Heap Min Capacity: 8M
 Heap Initial Capacity: 126M
 Heap Max Capacity: 2G
 Pre-touch: Disabled
 Parallel Workers: 8
 Concurrent Workers: 2
 Concurrent Refinement Workers: 8
 Periodic GC: Disabled
Heap:
 garbage-first heap   total 254976K, used 124269K [0x0000000080000000, 0x0000000100000000)
  region size 1024K, 1 young (1024K), 1 survivors (1024K)
 Metaspace       used 134113K, committed 135168K, reserved 1171456K
  class space    used 17859K, committed 18368K, reserved 1048576K
GC Heap History (20 events):
Event: 3218.536 GC heap after
{Heap after GC invocations=61 (full 0):
 garbage-first heap   total 254976K, used 129450K [0x0000000080000000, 0x0000000100000000)
  region size 1024K, 8 young (8192K), 8 survivors (8192K)
 Metaspace       used 132144K, committed 133120K, reserved 1171456K
  class space    used 17706K, committed 18176K, reserved 1048576K
}
Event: 3218.719 GC heap before
{Heap before GC invocations=61 (full 0):
 garbage-first heap   total 254976K, used 133546K [0x0000000080000000, 0x0000000100000000)
  region size 1024K, 12 young (12288K), 8 survivors (8192K)
 Metaspace       used 132148K, committed 133120K, reserved 1171456K
  class space    used 17706K, committed 18176K, reserved 1048576K
}
Event: 3218.845 GC heap after
{Heap after GC invocations=62 (full 0):
 garbage-first heap   total 254976K, used 128025K [0x0000000080000000, 0x0000000100000000)
  region size 1024K, 2 young (2048K), 2 survivors (2048K)
 Metaspace       used 132148K, committed 133120K, reserved 1171456K
  class space    used 17706K, committed 18176K, reserved 1048576K
}
Event: 3231.514 GC heap before
{Heap before GC invocations=62 (full 0):
 garbage-first heap   total 254976K, used 168985K [0x0000000080000000, 0x0000000100000000)
  region size 1024K, 44 young (45056K), 2 survivors (2048K)
 Metaspace       used 133298K, committed 134336K, reserved 1171456K
  class space    used 17875K, committed 18368K, reserved 1048576K
}
Event: 3231.607 GC heap after
{Heap after GC invocations=63 (full 0):
 garbage-first heap   total 254976K, used 130150K [0x0000000080000000, 0x0000000100000000)
  region size 1024K, 4 young (4096K), 4 survivors (4096K)
 Metaspace       used 133298K, committed 134336K, reserved 1171456K
  class space    used 17875K, committed 18368K, reserved 1048576K
}
Event: 3503.933 GC heap before
{Heap before GC invocations=64 (full 0):
 garbage-first heap   total 254976K, used 216166K [0x0000000080000000, 0x0000000100000000)
  region size 1024K, 77 young (78848K), 4 survivors (4096K)
 Metaspace       used 133431K, committed 134464K, reserved 1171456K
  class space    used 17844K, committed 18368K, reserved 1048576K
}
Event: 3504.086 GC heap after
{Heap after GC invocations=65 (full 0):
 garbage-first heap   total 254976K, used 137351K [0x0000000080000000, 0x0000000100000000)
  region size 1024K, 10 young (10240K), 10 survivors (10240K)
 Metaspace       used 133431K, committed 134464K, reserved 1171456K
  class space    used 17844K, committed 18368K, reserved 1048576K
}
Event: 3504.136 GC heap before
{Heap before GC invocations=65 (full 0):
 garbage-first heap   total 254976K, used 139399K [0x0000000080000000, 0x0000000100000000)
  region size 1024K, 12 young (12288K), 10 survivors (10240K)
 Metaspace       used 133441K, committed 134464K, reserved 1171456K
  class space    used 17845K, committed 18368K, reserved 1048576K
}
Event: 3504.581 GC heap after
{Heap after GC invocations=66 (full 0):
 garbage-first heap   total 254976K, used 126018K [0x0000000080000000, 0x0000000100000000)
  region size 1024K, 2 young (2048K), 2 survivors (2048K)
 Metaspace       used 133441K, committed 134464K, reserved 1171456K
  class space    used 17845K, committed 18368K, reserved 1048576K
}
Event: 3509.514 GC heap before
{Heap before GC invocations=66 (full 0):
 garbage-first heap   total 254976K, used 135234K [0x0000000080000000, 0x0000000100000000)
  region size 1024K, 12 young (12288K), 2 survivors (2048K)
 Metaspace       used 133465K, committed 134528K, reserved 1171456K
  class space    used 17846K, committed 18368K, reserved 1048576K
}
Event: 3509.561 GC heap after
{Heap after GC invocations=67 (full 0):
 garbage-first heap   total 254976K, used 123927K [0x0000000080000000, 0x0000000100000000)
  region size 1024K, 2 young (2048K), 2 survivors (2048K)
 Metaspace       used 133465K, committed 134528K, reserved 1171456K
  class space    used 17846K, committed 18368K, reserved 1048576K
}
Event: 3509.957 GC heap before
{Heap before GC invocations=67 (full 0):
 garbage-first heap   total 254976K, used 133143K [0x0000000080000000, 0x0000000100000000)
  region size 1024K, 12 young (12288K), 2 survivors (2048K)
 Metaspace       used 133673K, committed 134720K, reserved 1171456K
  class space    used 17848K, committed 18368K, reserved 1048576K
}
Event: 3509.969 GC heap after
{Heap after GC invocations=68 (full 0):
 garbage-first heap   total 254976K, used 124644K [0x0000000080000000, 0x0000000100000000)
  region size 1024K, 2 young (2048K), 2 survivors (2048K)
 Metaspace       used 133673K, committed 134720K, reserved 1171456K
  class space    used 17848K, committed 18368K, reserved 1048576K
}
Event: 3509.972 GC heap before
{Heap before GC invocations=68 (full 0):
 garbage-first heap   total 254976K, used 124644K [0x0000000080000000, 0x0000000100000000)
  region size 1024K, 3 young (3072K), 2 survivors (2048K)
 Metaspace       used 133674K, committed 134720K, reserved 1171456K
  class space    used 17848K, committed 18368K, reserved 1048576K
}
Event: 3509.984 GC heap after
{Heap after GC invocations=69 (full 0):
 garbage-first heap   total 254976K, used 124638K [0x0000000080000000, 0x0000000100000000)
  region size 1024K, 2 young (2048K), 2 survivors (2048K)
 Metaspace       used 133674K, committed 134720K, reserved 1171456K
  class space    used 17848K, committed 18368K, reserved 1048576K
}
Event: 3643.465 GC heap before
{Heap before GC invocations=70 (full 0):
 garbage-first heap   total 254976K, used 217822K [0x0000000080000000, 0x0000000100000000)
  region size 1024K, 83 young (84992K), 2 survivors (2048K)
 Metaspace       used 133999K, committed 135040K, reserved 1171456K
  class space    used 17859K, committed 18368K, reserved 1048576K
}
Event: 3643.614 GC heap after
{Heap after GC invocations=71 (full 0):
 garbage-first heap   total 254976K, used 133150K [0x0000000080000000, 0x0000000100000000)
  region size 1024K, 10 young (10240K), 10 survivors (10240K)
 Metaspace       used 133999K, committed 135040K, reserved 1171456K
  class space    used 17859K, committed 18368K, reserved 1048576K
}
Event: 3643.811 GC heap before
{Heap before GC invocations=71 (full 0):
 garbage-first heap   total 254976K, used 135198K [0x0000000080000000, 0x0000000100000000)
  region size 1024K, 12 young (12288K), 10 survivors (10240K)
 Metaspace       used 134000K, committed 135040K, reserved 1171456K
  class space    used 17859K, committed 18368K, reserved 1048576K
}
Event: 3644.159 GC heap after
{Heap after GC invocations=72 (full 0):
 garbage-first heap   total 254976K, used 124719K [0x0000000080000000, 0x0000000100000000)
  region size 1024K, 2 young (2048K), 2 survivors (2048K)
 Metaspace       used 134000K, committed 135040K, reserved 1171456K
  class space    used 17859K, committed 18368K, reserved 1048576K
}
Event: 3645.389 GC heap before
{Heap before GC invocations=72 (full 0):
 garbage-first heap   total 254976K, used 131887K [0x0000000080000000, 0x0000000100000000)
  region size 1024K, 11 young (11264K), 2 survivors (2048K)
 Metaspace       used 134113K, committed 135168K, reserved 1171456K
  class space    used 17859K, committed 18368K, reserved 1048576K
}

